[loaded] full 3-day = 30000 steps | official-range proxy day 0 [0, 99900] at 100-tick cadence = 1000 steps

=== Controls — 5 candidates ===
[  1/5] C_promoted                               off_pep=  +2394.0  f25=  +130.0  f50=  +919.5  apos=+17.4  ms= -6  near=  0  score=  +6290.9
[  2/5] C_alt                                    off_pep=  +2394.0  f25=  +130.0  f50=  +919.5  apos=+17.4  ms= -6  near=  0  score=  +8350.1
[  3/5] C_f5                                     off_pep=  +3911.5  f25=  +302.0  f50= +1501.0  apos=+33.6  ms= +0  near=144  score= +11700.9
[  4/5] C_v2_clean_ref                           off_pep=  +5472.5  f25= +1204.0  f50= +2758.0  apos=+55.8  ms= +0  near=373  score= +15844.6
[  5/5] C_buyhold_80                             off_pep=  +7279.0  f25= +1593.5  f50= +3473.5  apos=+79.9  ms= +0  near=999  score= +21132.3

=== L1_opening — 25 candidates ===
[  1/25] L1_seed60_win00000                       off_pep=  +6430.0  f25=  +837.0  f50= +2530.0  apos=+63.7  ms= +0  near=635  score= +19623.8
[  2/25] L1_seed60_win00200                       off_pep=  +7253.0  f25= +1473.0  f50= +3353.0  apos=+76.9  ms= +0  near=998  score= +21002.6
[  3/25] L1_seed60_win00500                       off_pep=  +7253.0  f25= +1473.0  f50= +3353.0  apos=+76.9  ms= +0  near=998  score= +21002.6
[  4/25] L1_seed60_win01000                       off_pep=  +7253.0  f25= +1473.0  f50= +3353.0  apos=+76.9  ms= +0  near=998  score= +21002.6
[  5/25] L1_seed60_win02000                       off_pep=  +7253.0  f25= +1473.0  f50= +3353.0  apos=+76.9  ms= +0  near=998  score= +21002.6
[  6/25] L1_seed65_win00000                       off_pep=  +6430.0  f25=  +837.0  f50= +2530.0  apos=+63.7  ms= +0  near=635  score= +19623.8
[  7/25] L1_seed65_win00200                       off_pep=  +7253.0  f25= +1473.0  f50= +3353.0  apos=+76.9  ms= +0  near=998  score= +21002.6
[  8/25] L1_seed65_win00500                       off_pep=  +7351.0  f25= +1571.0  f50= +3451.0  apos=+79.0  ms= +0  near=998  score= +21179.6
[  9/25] L1_seed65_win01000                       off_pep=  +7351.0  f25= +1571.0  f50= +3451.0  apos=+79.0  ms= +0  near=998  score= +21179.6
[ 10/25] L1_seed65_win02000                       off_pep=  +7351.0  f25= +1571.0  f50= +3451.0  apos=+79.0  ms= +0  near=998  score= +21179.6
[ 11/25] L1_seed70_win00000                       off_pep=  +6430.0  f25=  +837.0  f50= +2530.0  apos=+63.7  ms= +0  near=635  score= +19623.8
[ 12/25] L1_seed70_win00200                       off_pep=  +7253.0  f25= +1473.0  f50= +3353.0  apos=+76.9  ms= +0  near=998  score= +21002.6
[ 13/25] L1_seed70_win00500                       off_pep=  +7351.0  f25= +1571.0  f50= +3451.0  apos=+79.0  ms= +0  near=998  score= +21179.6
[ 14/25] L1_seed70_win01000                       off_pep=  +7351.0  f25= +1571.0  f50= +3451.0  apos=+79.0  ms= +0  near=998  score= +21179.6
[ 15/25] L1_seed70_win02000                       off_pep=  +7351.0  f25= +1571.0  f50= +3451.0  apos=+79.0  ms= +0  near=998  score= +21179.6
[ 16/25] L1_seed75_win00000                       off_pep=  +6430.0  f25=  +837.0  f50= +2530.0  apos=+63.7  ms= +0  near=635  score= +19623.8
[ 17/25] L1_seed75_win00200                       off_pep=  +7253.0  f25= +1473.0  f50= +3353.0  apos=+76.9  ms= +0  near=998  score= +21002.6
[ 18/25] L1_seed75_win00500                       off_pep=  +7330.0  f25= +1550.0  f50= +3430.0  apos=+79.9  ms= +0  near=998  score= +21156.8
[ 19/25] L1_seed75_win01000                       off_pep=  +7330.0  f25= +1550.0  f50= +3430.0  apos=+79.9  ms= +0  near=998  score= +21156.8
[ 20/25] L1_seed75_win02000                       off_pep=  +7330.0  f25= +1550.0  f50= +3430.0  apos=+79.9  ms= +0  near=998  score= +21156.8
[ 21/25] L1_seed80_win00000                       off_pep=  +6430.0  f25=  +837.0  f50= +2530.0  apos=+63.7  ms= +0  near=635  score= +19623.8
[ 22/25] L1_seed80_win00200                       off_pep=  +7253.0  f25= +1473.0  f50= +3353.0  apos=+76.9  ms= +0  near=998  score= +21002.6
[ 23/25] L1_seed80_win00500                       off_pep=  +7330.0  f25= +1550.0  f50= +3430.0  apos=+79.9  ms= +0  near=998  score= +21156.8
[ 24/25] L1_seed80_win01000                       off_pep=  +7330.0  f25= +1550.0  f50= +3430.0  apos=+79.9  ms= +0  near=998  score= +21156.8
[ 25/25] L1_seed80_win02000                       off_pep=  +7330.0  f25= +1550.0  f50= +3430.0  apos=+79.9  ms= +0  near=998  score= +21156.8
  L1_opening top-2: L1_seed65_win00500, L1_seed65_win01000

=== L2_floor — 14 candidates ===
[  1/14] L2_s0_fl40                               off_pep=  +7351.0  f25= +1571.0  f50= +3451.0  apos=+79.0  ms= +0  near=998  score= +21179.6
[  2/14] L2_s0_fl45                               off_pep=  +7351.0  f25= +1571.0  f50= +3451.0  apos=+79.0  ms= +0  near=998  score= +21179.6
[  3/14] L2_s0_fl50                               off_pep=  +7351.0  f25= +1571.0  f50= +3451.0  apos=+79.0  ms= +0  near=998  score= +21179.6
[  4/14] L2_s0_fl55                               off_pep=  +7351.0  f25= +1571.0  f50= +3451.0  apos=+79.0  ms= +0  near=998  score= +21179.6
[  5/14] L2_s0_fl60                               off_pep=  +7351.0  f25= +1571.0  f50= +3451.0  apos=+79.0  ms= +0  near=998  score= +21179.6
[  6/14] L2_s0_fl65                               off_pep=  +7351.0  f25= +1571.0  f50= +3451.0  apos=+79.0  ms= +0  near=998  score= +21179.6
[  7/14] L2_s0_fl70                               off_pep=  +7351.0  f25= +1571.0  f50= +3451.0  apos=+79.0  ms= +0  near=998  score= +21179.6
[  8/14] L2_s1_fl40                               off_pep=  +7351.0  f25= +1571.0  f50= +3451.0  apos=+79.0  ms= +0  near=998  score= +21179.6
[  9/14] L2_s1_fl45                               off_pep=  +7351.0  f25= +1571.0  f50= +3451.0  apos=+79.0  ms= +0  near=998  score= +21179.6
[ 10/14] L2_s1_fl50                               off_pep=  +7351.0  f25= +1571.0  f50= +3451.0  apos=+79.0  ms= +0  near=998  score= +21179.6
[ 11/14] L2_s1_fl55                               off_pep=  +7351.0  f25= +1571.0  f50= +3451.0  apos=+79.0  ms= +0  near=998  score= +21179.6
[ 12/14] L2_s1_fl60                               off_pep=  +7351.0  f25= +1571.0  f50= +3451.0  apos=+79.0  ms= +0  near=998  score= +21179.6
[ 13/14] L2_s1_fl65                               off_pep=  +7351.0  f25= +1571.0  f50= +3451.0  apos=+79.0  ms= +0  near=998  score= +21179.6
[ 14/14] L2_s1_fl70                               off_pep=  +7351.0  f25= +1571.0  f50= +3451.0  apos=+79.0  ms= +0  near=998  score= +21179.6
  L2_floor top-2: L2_s0_fl40, L2_s0_fl45

=== L3_trim — 24 candidates ===
[  1/24] L3_s0_trim6_size5                        off_pep=  +7351.0  f25= +1571.0  f50= +3451.0  apos=+79.0  ms= +0  near=998  score= +21177.4
[  2/24] L3_s0_trim6_size10                       off_pep=  +7351.0  f25= +1571.0  f50= +3451.0  apos=+79.0  ms= +0  near=998  score= +21174.4
[  3/24] L3_s0_trim6_size15                       off_pep=  +7351.0  f25= +1571.0  f50= +3451.0  apos=+79.0  ms= +0  near=998  score= +21174.4
[  4/24] L3_s0_trim8_size5                        off_pep=  +7351.0  f25= +1571.0  f50= +3451.0  apos=+79.0  ms= +0  near=998  score= +21179.6
[  5/24] L3_s0_trim8_size10                       off_pep=  +7351.0  f25= +1571.0  f50= +3451.0  apos=+79.0  ms= +0  near=998  score= +21179.6
[  6/24] L3_s0_trim8_size15                       off_pep=  +7351.0  f25= +1571.0  f50= +3451.0  apos=+79.0  ms= +0  near=998  score= +21179.6
[  7/24] L3_s0_trim10_size5                       off_pep=  +7351.0  f25= +1571.0  f50= +3451.0  apos=+79.0  ms= +0  near=998  score= +21179.6
[  8/24] L3_s0_trim10_size10                      off_pep=  +7351.0  f25= +1571.0  f50= +3451.0  apos=+79.0  ms= +0  near=998  score= +21179.6
[  9/24] L3_s0_trim10_size15                      off_pep=  +7351.0  f25= +1571.0  f50= +3451.0  apos=+79.0  ms= +0  near=998  score= +21179.6
[ 10/24] L3_s0_trim12_size5                       off_pep=  +7351.0  f25= +1571.0  f50= +3451.0  apos=+79.0  ms= +0  near=998  score= +21179.6
[ 11/24] L3_s0_trim12_size10                      off_pep=  +7351.0  f25= +1571.0  f50= +3451.0  apos=+79.0  ms= +0  near=998  score= +21179.6
[ 12/24] L3_s0_trim12_size15                      off_pep=  +7351.0  f25= +1571.0  f50= +3451.0  apos=+79.0  ms= +0  near=998  score= +21179.6
[ 13/24] L3_s1_trim6_size5                        off_pep=  +7351.0  f25= +1571.0  f50= +3451.0  apos=+79.0  ms= +0  near=998  score= +21177.4
[ 14/24] L3_s1_trim6_size10                       off_pep=  +7351.0  f25= +1571.0  f50= +3451.0  apos=+79.0  ms= +0  near=998  score= +21174.4
[ 15/24] L3_s1_trim6_size15                       off_pep=  +7351.0  f25= +1571.0  f50= +3451.0  apos=+79.0  ms= +0  near=998  score= +21174.4
[ 16/24] L3_s1_trim8_size5                        off_pep=  +7351.0  f25= +1571.0  f50= +3451.0  apos=+79.0  ms= +0  near=998  score= +21179.6
[ 17/24] L3_s1_trim8_size10                       off_pep=  +7351.0  f25= +1571.0  f50= +3451.0  apos=+79.0  ms= +0  near=998  score= +21179.6
[ 18/24] L3_s1_trim8_size15                       off_pep=  +7351.0  f25= +1571.0  f50= +3451.0  apos=+79.0  ms= +0  near=998  score= +21179.6
[ 19/24] L3_s1_trim10_size5                       off_pep=  +7351.0  f25= +1571.0  f50= +3451.0  apos=+79.0  ms= +0  near=998  score= +21179.6
[ 20/24] L3_s1_trim10_size10                      off_pep=  +7351.0  f25= +1571.0  f50= +3451.0  apos=+79.0  ms= +0  near=998  score= +21179.6
[ 21/24] L3_s1_trim10_size15                      off_pep=  +7351.0  f25= +1571.0  f50= +3451.0  apos=+79.0  ms= +0  near=998  score= +21179.6
[ 22/24] L3_s1_trim12_size5                       off_pep=  +7351.0  f25= +1571.0  f50= +3451.0  apos=+79.0  ms= +0  near=998  score= +21179.6
[ 23/24] L3_s1_trim12_size10                      off_pep=  +7351.0  f25= +1571.0  f50= +3451.0  apos=+79.0  ms= +0  near=998  score= +21179.6
[ 24/24] L3_s1_trim12_size15                      off_pep=  +7351.0  f25= +1571.0  f50= +3451.0  apos=+79.0  ms= +0  near=998  score= +21179.6
  L3_trim top-2: L3_s0_trim8_size5, L3_s0_trim8_size10

=== L4_rebuy — 24 candidates ===
[  1/24] L4_s0_h2_small                           off_pep=  +7351.0  f25= +1571.0  f50= +3451.0  apos=+79.0  ms= +0  near=998  score= +21179.6
[  2/24] L4_s0_h2_medium                          off_pep=  +7351.0  f25= +1571.0  f50= +3451.0  apos=+79.0  ms= +0  near=998  score= +21179.6
[  3/24] L4_s0_h2_aggressive                      off_pep=  +7351.0  f25= +1571.0  f50= +3451.0  apos=+79.0  ms= +0  near=998  score= +21179.6
[  4/24] L4_s0_h3_small                           off_pep=  +7351.0  f25= +1571.0  f50= +3451.0  apos=+79.0  ms= +0  near=998  score= +21179.6
[  5/24] L4_s0_h3_medium                          off_pep=  +7351.0  f25= +1571.0  f50= +3451.0  apos=+79.0  ms= +0  near=998  score= +21179.6
[  6/24] L4_s0_h3_aggressive                      off_pep=  +7351.0  f25= +1571.0  f50= +3451.0  apos=+79.0  ms= +0  near=998  score= +21179.6
[  7/24] L4_s0_h4_small                           off_pep=  +7351.0  f25= +1571.0  f50= +3451.0  apos=+79.0  ms= +0  near=998  score= +21179.5
[  8/24] L4_s0_h4_medium                          off_pep=  +7351.0  f25= +1571.0  f50= +3451.0  apos=+79.0  ms= +0  near=998  score= +21179.5
[  9/24] L4_s0_h4_aggressive                      off_pep=  +7351.0  f25= +1571.0  f50= +3451.0  apos=+79.0  ms= +0  near=998  score= +21179.5
[ 10/24] L4_s0_h5_small                           off_pep=  +7234.0  f25= +1454.0  f50= +3334.0  apos=+77.8  ms= +0  near=998  score= +20988.7
[ 11/24] L4_s0_h5_medium                          off_pep=  +7234.0  f25= +1454.0  f50= +3334.0  apos=+77.8  ms= +0  near=998  score= +20988.7
[ 12/24] L4_s0_h5_aggressive                      off_pep=  +7234.0  f25= +1454.0  f50= +3334.0  apos=+77.8  ms= +0  near=998  score= +20988.7
[ 13/24] L4_s1_h2_small                           off_pep=  +7351.0  f25= +1571.0  f50= +3451.0  apos=+79.0  ms= +0  near=998  score= +21179.6
[ 14/24] L4_s1_h2_medium                          off_pep=  +7351.0  f25= +1571.0  f50= +3451.0  apos=+79.0  ms= +0  near=998  score= +21179.6
[ 15/24] L4_s1_h2_aggressive                      off_pep=  +7351.0  f25= +1571.0  f50= +3451.0  apos=+79.0  ms= +0  near=998  score= +21179.6
[ 16/24] L4_s1_h3_small                           off_pep=  +7351.0  f25= +1571.0  f50= +3451.0  apos=+79.0  ms= +0  near=998  score= +21179.6
[ 17/24] L4_s1_h3_medium                          off_pep=  +7351.0  f25= +1571.0  f50= +3451.0  apos=+79.0  ms= +0  near=998  score= +21179.6
[ 18/24] L4_s1_h3_aggressive                      off_pep=  +7351.0  f25= +1571.0  f50= +3451.0  apos=+79.0  ms= +0  near=998  score= +21179.6
[ 19/24] L4_s1_h4_small                           off_pep=  +7351.0  f25= +1571.0  f50= +3451.0  apos=+79.0  ms= +0  near=998  score= +21179.5
[ 20/24] L4_s1_h4_medium                          off_pep=  +7351.0  f25= +1571.0  f50= +3451.0  apos=+79.0  ms= +0  near=998  score= +21179.5
[ 21/24] L4_s1_h4_aggressive                      off_pep=  +7351.0  f25= +1571.0  f50= +3451.0  apos=+79.0  ms= +0  near=998  score= +21179.5
[ 22/24] L4_s1_h5_small                           off_pep=  +7234.0  f25= +1454.0  f50= +3334.0  apos=+77.8  ms= +0  near=998  score= +20988.7
[ 23/24] L4_s1_h5_medium                          off_pep=  +7234.0  f25= +1454.0  f50= +3334.0  apos=+77.8  ms= +0  near=998  score= +20988.7
[ 24/24] L4_s1_h5_aggressive                      off_pep=  +7234.0  f25= +1454.0  f50= +3334.0  apos=+77.8  ms= +0  near=998  score= +20988.7
  L4_rebuy top-2: L4_s0_h2_small, L4_s0_h2_medium

=== L5_exec — 24 candidates ===
[  1/24] L5_s0_taker_first_step04                 off_pep=  +7351.0  f25= +1571.0  f50= +3451.0  apos=+79.0  ms= +0  near=998  score= +21184.1
[  2/24] L5_s0_taker_first_step08                 off_pep=  +7351.0  f25= +1571.0  f50= +3451.0  apos=+79.0  ms= +0  near=998  score= +21184.1
[  3/24] L5_s0_taker_first_step12                 off_pep=  +7351.0  f25= +1571.0  f50= +3451.0  apos=+79.0  ms= +0  near=998  score= +21184.1
[  4/24] L5_s0_taker_first_step16                 off_pep=  +7351.0  f25= +1571.0  f50= +3451.0  apos=+79.0  ms= +0  near=998  score= +21184.1
[  5/24] L5_s0_hybrid_step04                      off_pep=  +7351.0  f25= +1571.0  f50= +3451.0  apos=+79.0  ms= +0  near=998  score= +21179.6
[  6/24] L5_s0_hybrid_step08                      off_pep=  +7351.0  f25= +1571.0  f50= +3451.0  apos=+79.0  ms= +0  near=998  score= +21179.6
[  7/24] L5_s0_hybrid_step12                      off_pep=  +7351.0  f25= +1571.0  f50= +3451.0  apos=+79.0  ms= +0  near=998  score= +21179.6
[  8/24] L5_s0_hybrid_step16                      off_pep=  +7351.0  f25= +1571.0  f50= +3451.0  apos=+79.0  ms= +0  near=998  score= +21179.6
[  9/24] L5_s0_maker_first_step04                 off_pep=  +6405.0  f25= +1370.0  f50= +3015.0  apos=+69.9  ms= +0  near=998  score= +19842.5
[ 10/24] L5_s0_maker_first_step08                 off_pep=  +6405.0  f25= +1370.0  f50= +3015.0  apos=+69.9  ms= +0  near=998  score= +19842.5
[ 11/24] L5_s0_maker_first_step12                 off_pep=  +6405.0  f25= +1370.0  f50= +3015.0  apos=+69.9  ms= +0  near=998  score= +19842.5
[ 12/24] L5_s0_maker_first_step16                 off_pep=  +6405.0  f25= +1370.0  f50= +3015.0  apos=+69.9  ms= +0  near=998  score= +19842.5
[ 13/24] L5_s1_taker_first_step04                 off_pep=  +7351.0  f25= +1571.0  f50= +3451.0  apos=+79.0  ms= +0  near=998  score= +21184.1
[ 14/24] L5_s1_taker_first_step08                 off_pep=  +7351.0  f25= +1571.0  f50= +3451.0  apos=+79.0  ms= +0  near=998  score= +21184.1
[ 15/24] L5_s1_taker_first_step12                 off_pep=  +7351.0  f25= +1571.0  f50= +3451.0  apos=+79.0  ms= +0  near=998  score= +21184.1
[ 16/24] L5_s1_taker_first_step16                 off_pep=  +7351.0  f25= +1571.0  f50= +3451.0  apos=+79.0  ms= +0  near=998  score= +21184.1
[ 17/24] L5_s1_hybrid_step04                      off_pep=  +7351.0  f25= +1571.0  f50= +3451.0  apos=+79.0  ms= +0  near=998  score= +21179.6
[ 18/24] L5_s1_hybrid_step08                      off_pep=  +7351.0  f25= +1571.0  f50= +3451.0  apos=+79.0  ms= +0  near=998  score= +21179.6
[ 19/24] L5_s1_hybrid_step12                      off_pep=  +7351.0  f25= +1571.0  f50= +3451.0  apos=+79.0  ms= +0  near=998  score= +21179.6
[ 20/24] L5_s1_hybrid_step16                      off_pep=  +7351.0  f25= +1571.0  f50= +3451.0  apos=+79.0  ms= +0  near=998  score= +21179.6
[ 21/24] L5_s1_maker_first_step04                 off_pep=  +6405.0  f25= +1370.0  f50= +3015.0  apos=+69.9  ms= +0  near=998  score= +19842.5
[ 22/24] L5_s1_maker_first_step08                 off_pep=  +6405.0  f25= +1370.0  f50= +3015.0  apos=+69.9  ms= +0  near=998  score= +19842.5
[ 23/24] L5_s1_maker_first_step12                 off_pep=  +6405.0  f25= +1370.0  f50= +3015.0  apos=+69.9  ms= +0  near=998  score= +19842.5
[ 24/24] L5_s1_maker_first_step16                 off_pep=  +6405.0  f25= +1370.0  f50= +3015.0  apos=+69.9  ms= +0  near=998  score= +19842.5
  L5_exec top-1: L5_s0_taker_first_step04

=== L6_alternate — 2 candidates ===
[  1/2] L6_ultra_conservative                    off_pep=  +6430.0  f25=  +837.0  f50= +2530.0  apos=+63.7  ms= +0  near=635  score= +19638.3
[  2/2] L6_higher_upside                         off_pep=  +6430.0  f25=  +837.0  f50= +2530.0  apos=+63.7  ms= +0  near=635  score= +19633.1
  L6_alternate top-1: L6_ultra_conservative

Done. Wrote:
  - /Users/abhinavgupta/Desktop/IMC/outputs/round_1/pepper_sparse_overlay/pepper_candidates.csv
  - /Users/abhinavgupta/Desktop/IMC/outputs/round_1/pepper_sparse_overlay/pepper_candidates.md

Top 15 by score (all layers):
  label                                    layer              score   off_pep      f25  apos  near
  L5_s0_taker_first_step04                 L5_exec          21184.1   +7351.0  +1571.0 +79.0   998
  L5_s0_taker_first_step08                 L5_exec          21184.1   +7351.0  +1571.0 +79.0   998
  L5_s0_taker_first_step12                 L5_exec          21184.1   +7351.0  +1571.0 +79.0   998
  L5_s0_taker_first_step16                 L5_exec          21184.1   +7351.0  +1571.0 +79.0   998
  L5_s1_taker_first_step04                 L5_exec          21184.1   +7351.0  +1571.0 +79.0   998
  L5_s1_taker_first_step08                 L5_exec          21184.1   +7351.0  +1571.0 +79.0   998
  L5_s1_taker_first_step12                 L5_exec          21184.1   +7351.0  +1571.0 +79.0   998
  L5_s1_taker_first_step16                 L5_exec          21184.1   +7351.0  +1571.0 +79.0   998
  L1_seed65_win00500                       L1_opening       21179.6   +7351.0  +1571.0 +79.0   998
  L1_seed65_win01000                       L1_opening       21179.6   +7351.0  +1571.0 +79.0   998
  L1_seed65_win02000                       L1_opening       21179.6   +7351.0  +1571.0 +79.0   998
  L1_seed70_win00500                       L1_opening       21179.6   +7351.0  +1571.0 +79.0   998
  L1_seed70_win01000                       L1_opening       21179.6   +7351.0  +1571.0 +79.0   998
  L1_seed70_win02000                       L1_opening       21179.6   +7351.0  +1571.0 +79.0   998
  L2_s0_fl40                               L2_floor         21179.6   +7351.0  +1571.0 +79.0   998
