[loaded] full 3-day = 30000 steps | official-range proxy day 0 [0, 99900] at 100-tick cadence = 1000 steps

=== Controls — 6 candidates ===
[  1/6] C_promoted                           off_pep=   +2394.0  first25=  +130.0  first50=  +919.5  ms_fh=  -6  near=  0  local=  +78101.0  score=  +10389.0
[  2/6] C_alt                                off_pep=   +2394.0  first25=  +130.0  first50=  +919.5  ms_fh=  -6  near=  0  local= +119784.0  score=  +14552.3
[  3/6] C_f5                                 off_pep=   +3911.5  first25=  +302.0  first50= +1501.0  ms_fh=  +0  near=144  local= +144232.0  score=  +18654.7
[  4/6] C_buyhold                            off_pep=   +7279.0  first25= +1593.5  first50= +3473.5  ms_fh=  +0  near=999  local= +239423.0  score=  +32053.9
[  5/6] C_corelong_v1_base50                 off_pep=   +4205.0  first25=  +307.0  first50= +1525.5  ms_fh=  +0  near=  0  local= +169189.0  score=  +21540.8
[  6/6] C_corelong_no_open                   off_pep=   +2778.5  first25=  +307.0  first50= +1202.5  ms_fh=  +0  near=  0  local=  +90244.0  score=  +12166.2

=== L1_opening — 20 candidates ===
[  1/20] L1_seed20_win00000                   off_pep=   +4878.5  first25=  +837.0  first50= +2311.0  ms_fh=  +0  near=176  local= +170424.0  score=  +22618.9
[  2/20] L1_seed20_win01000                   off_pep=   +4878.5  first25=  +837.0  first50= +2311.0  ms_fh=  +0  near=176  local= +170424.0  score=  +22618.9
[  3/20] L1_seed20_win02500                   off_pep=   +4878.5  first25=  +837.0  first50= +2311.0  ms_fh=  +0  near=176  local= +170424.0  score=  +22618.9
[  4/20] L1_seed20_win05000                   off_pep=   +4878.5  first25=  +837.0  first50= +2311.0  ms_fh=  +0  near=176  local= +170424.0  score=  +22618.9
[  5/20] L1_seed30_win00000                   off_pep=   +4878.5  first25=  +837.0  first50= +2311.0  ms_fh=  +0  near=176  local= +170424.0  score=  +22618.9
[  6/20] L1_seed30_win01000                   off_pep=   +5162.5  first25= +1135.0  first50= +2595.0  ms_fh=  +0  near=176  local= +170795.0  score=  +23116.0
[  7/20] L1_seed30_win02500                   off_pep=   +5162.5  first25= +1135.0  first50= +2595.0  ms_fh=  +0  near=176  local= +170795.0  score=  +23116.0
[  8/20] L1_seed30_win05000                   off_pep=   +5162.5  first25= +1135.0  first50= +2595.0  ms_fh=  +0  near=176  local= +170795.0  score=  +23116.0
[  9/20] L1_seed40_win00000                   off_pep=   +4878.5  first25=  +837.0  first50= +2311.0  ms_fh=  +0  near=176  local= +170424.0  score=  +22618.9
[ 10/20] L1_seed40_win01000                   off_pep=   +5162.5  first25= +1135.0  first50= +2595.0  ms_fh=  +0  near=176  local= +170795.0  score=  +23116.0
[ 11/20] L1_seed40_win02500                   off_pep=   +5162.5  first25= +1135.0  first50= +2595.0  ms_fh=  +0  near=176  local= +170795.0  score=  +23116.0
[ 12/20] L1_seed40_win05000                   off_pep=   +5162.5  first25= +1135.0  first50= +2595.0  ms_fh=  +0  near=176  local= +170795.0  score=  +23116.0
[ 13/20] L1_seed50_win00000                   off_pep=   +4878.5  first25=  +837.0  first50= +2311.0  ms_fh=  +0  near=176  local= +170424.0  score=  +22618.9
[ 14/20] L1_seed50_win01000                   off_pep=   +5207.5  first25= +1180.0  first50= +2640.0  ms_fh=  +0  near=293  local= +171342.0  score=  +23184.2
[ 15/20] L1_seed50_win02500                   off_pep=   +5207.5  first25= +1180.0  first50= +2640.0  ms_fh=  +0  near=293  local= +171342.0  score=  +23184.2
[ 16/20] L1_seed50_win05000                   off_pep=   +5207.5  first25= +1180.0  first50= +2640.0  ms_fh=  +0  near=293  local= +171342.0  score=  +23184.2
[ 17/20] L1_seed60_win00000                   off_pep=   +4878.5  first25=  +837.0  first50= +2311.0  ms_fh=  +0  near=176  local= +171113.0  score=  +22687.8
[ 18/20] L1_seed60_win01000                   off_pep=   +5207.5  first25= +1180.0  first50= +2640.0  ms_fh=  +0  near=293  local= +172031.0  score=  +23253.1
[ 19/20] L1_seed60_win02500                   off_pep=   +5207.5  first25= +1180.0  first50= +2640.0  ms_fh=  +0  near=293  local= +172031.0  score=  +23253.1
[ 20/20] L1_seed60_win05000                   off_pep=   +5207.5  first25= +1180.0  first50= +2640.0  ms_fh=  +0  near=293  local= +172031.0  score=  +23253.1

  L1_opening top-2: L1_seed60_win01000, L1_seed60_win02500

=== L2_core — 30 candidates ===
[  1/30] L2_s0_base20_fl00                    off_pep=   +3025.0  first25= +1089.0  first50= +1966.5  ms_fh=  +0  near=117  local=  +86877.0  score=  +12472.1
[  2/30] L2_s0_base20_fl10                    off_pep=   +3025.0  first25= +1089.0  first50= +1966.5  ms_fh=  +0  near=117  local=  +86877.0  score=  +12472.1
[  3/30] L2_s0_base20_fl20                    off_pep=   +3025.0  first25= +1089.0  first50= +1966.5  ms_fh=  +0  near=117  local=  +87320.0  score=  +12516.4
[  4/30] L2_s0_base30_fl00                    off_pep=   +3613.0  first25= +1089.0  first50= +2082.0  ms_fh=  +0  near=117  local= +115461.0  score=  +15941.6
[  5/30] L2_s0_base30_fl10                    off_pep=   +3613.0  first25= +1089.0  first50= +2082.0  ms_fh=  +0  near=117  local= +115461.0  score=  +15941.6
[  6/30] L2_s0_base30_fl20                    off_pep=   +3613.0  first25= +1089.0  first50= +2082.0  ms_fh=  +0  near=117  local= +115461.0  score=  +15941.6
[  7/30] L2_s0_base30_fl30                    off_pep=   +3613.0  first25= +1089.0  first50= +2082.0  ms_fh=  +0  near=117  local= +115904.0  score=  +15985.9
[  8/30] L2_s0_base40_fl00                    off_pep=   +4302.0  first25= +1117.0  first50= +2312.5  ms_fh=  +0  near=117  local= +142346.0  score=  +19376.4
[  9/30] L2_s0_base40_fl10                    off_pep=   +4302.0  first25= +1117.0  first50= +2312.5  ms_fh=  +0  near=117  local= +142346.0  score=  +19376.4
[ 10/30] L2_s0_base40_fl20                    off_pep=   +4302.0  first25= +1117.0  first50= +2312.5  ms_fh=  +0  near=117  local= +142346.0  score=  +19376.4
[ 11/30] L2_s0_base40_fl30                    off_pep=   +4302.0  first25= +1117.0  first50= +2312.5  ms_fh=  +0  near=117  local= +142346.0  score=  +19376.4
[ 12/30] L2_s0_base50_fl00                    off_pep=   +5207.5  first25= +1180.0  first50= +2640.0  ms_fh=  +0  near=293  local= +172031.0  score=  +23253.1
[ 13/30] L2_s0_base50_fl10                    off_pep=   +5207.5  first25= +1180.0  first50= +2640.0  ms_fh=  +0  near=293  local= +172031.0  score=  +23253.1
[ 14/30] L2_s0_base50_fl20                    off_pep=   +5207.5  first25= +1180.0  first50= +2640.0  ms_fh=  +0  near=293  local= +172031.0  score=  +23253.1
[ 15/30] L2_s0_base50_fl30                    off_pep=   +5207.5  first25= +1180.0  first50= +2640.0  ms_fh=  +0  near=293  local= +172031.0  score=  +23253.1
[ 16/30] L2_s1_base20_fl00                    off_pep=   +3025.0  first25= +1089.0  first50= +1966.5  ms_fh=  +0  near=117  local=  +86877.0  score=  +12472.1
[ 17/30] L2_s1_base20_fl10                    off_pep=   +3025.0  first25= +1089.0  first50= +1966.5  ms_fh=  +0  near=117  local=  +86877.0  score=  +12472.1
[ 18/30] L2_s1_base20_fl20                    off_pep=   +3025.0  first25= +1089.0  first50= +1966.5  ms_fh=  +0  near=117  local=  +87320.0  score=  +12516.4
[ 19/30] L2_s1_base30_fl00                    off_pep=   +3613.0  first25= +1089.0  first50= +2082.0  ms_fh=  +0  near=117  local= +115461.0  score=  +15941.6
[ 20/30] L2_s1_base30_fl10                    off_pep=   +3613.0  first25= +1089.0  first50= +2082.0  ms_fh=  +0  near=117  local= +115461.0  score=  +15941.6
[ 21/30] L2_s1_base30_fl20                    off_pep=   +3613.0  first25= +1089.0  first50= +2082.0  ms_fh=  +0  near=117  local= +115461.0  score=  +15941.6
[ 22/30] L2_s1_base30_fl30                    off_pep=   +3613.0  first25= +1089.0  first50= +2082.0  ms_fh=  +0  near=117  local= +115904.0  score=  +15985.9
[ 23/30] L2_s1_base40_fl00                    off_pep=   +4302.0  first25= +1117.0  first50= +2312.5  ms_fh=  +0  near=117  local= +142346.0  score=  +19376.4
[ 24/30] L2_s1_base40_fl10                    off_pep=   +4302.0  first25= +1117.0  first50= +2312.5  ms_fh=  +0  near=117  local= +142346.0  score=  +19376.4
[ 25/30] L2_s1_base40_fl20                    off_pep=   +4302.0  first25= +1117.0  first50= +2312.5  ms_fh=  +0  near=117  local= +142346.0  score=  +19376.4
[ 26/30] L2_s1_base40_fl30                    off_pep=   +4302.0  first25= +1117.0  first50= +2312.5  ms_fh=  +0  near=117  local= +142346.0  score=  +19376.4
[ 27/30] L2_s1_base50_fl00                    off_pep=   +5207.5  first25= +1180.0  first50= +2640.0  ms_fh=  +0  near=293  local= +172031.0  score=  +23253.1
[ 28/30] L2_s1_base50_fl10                    off_pep=   +5207.5  first25= +1180.0  first50= +2640.0  ms_fh=  +0  near=293  local= +172031.0  score=  +23253.1
[ 29/30] L2_s1_base50_fl20                    off_pep=   +5207.5  first25= +1180.0  first50= +2640.0  ms_fh=  +0  near=293  local= +172031.0  score=  +23253.1
[ 30/30] L2_s1_base50_fl30                    off_pep=   +5207.5  first25= +1180.0  first50= +2640.0  ms_fh=  +0  near=293  local= +172031.0  score=  +23253.1

  L2_core top-2: L2_s0_base50_fl00, L2_s0_base50_fl10

=== L3_overlay — 54 candidates ===
[  1/54] L3_s0_add_mid_trim_mid_size_small    off_pep=   +5207.5  first25= +1180.0  first50= +2640.0  ms_fh=  +0  near=293  local= +172031.0  score=  +23253.1
[  2/54] L3_s0_add_mid_trim_mid_size_medium   off_pep=   +5472.5  first25= +1204.0  first50= +2758.0  ms_fh=  +0  near=373  local= +179567.0  score=  +24265.9
[  3/54] L3_s0_add_mid_trim_mid_size_convex   off_pep=   +5890.0  first25= +1372.0  first50= +3043.5  ms_fh=  +0  near=563  local= +189669.0  score=  +25715.9
[  4/54] L3_s0_add_mid_trim_wide_size_small   off_pep=   +5207.5  first25= +1180.0  first50= +2640.0  ms_fh=  +0  near=293  local= +172082.0  score=  +23259.2
[  5/54] L3_s0_add_mid_trim_wide_size_medium  off_pep=   +5472.5  first25= +1204.0  first50= +2758.0  ms_fh=  +0  near=373  local= +179671.0  score=  +24276.3
[  6/54] L3_s0_add_mid_trim_wide_size_convex  off_pep=   +5890.0  first25= +1372.0  first50= +3043.5  ms_fh=  +0  near=563  local= +189669.0  score=  +25715.9
[  7/54] L3_s0_add_mid_trim_narrow_size_small off_pep=   +5207.5  first25= +1180.0  first50= +2640.0  ms_fh=  +0  near=293  local= +171707.0  score=  +23221.7
[  8/54] L3_s0_add_mid_trim_narrow_size_medium off_pep=   +5472.5  first25= +1204.0  first50= +2758.0  ms_fh=  +0  near=373  local= +179567.0  score=  +24265.9
[  9/54] L3_s0_add_mid_trim_narrow_size_convex off_pep=   +5890.0  first25= +1372.0  first50= +3043.5  ms_fh=  +0  near=563  local= +189669.0  score=  +25715.9
[ 10/54] L3_s0_add_wide_trim_mid_size_small   off_pep=   +5046.0  first25= +1180.0  first50= +2540.0  ms_fh=  +0  near=117  local= +161997.0  score=  +22164.2
[ 11/54] L3_s0_add_wide_trim_mid_size_medium  off_pep=   +5046.0  first25= +1180.0  first50= +2540.0  ms_fh=  +0  near=117  local= +165768.0  score=  +22541.3
[ 12/54] L3_s0_add_wide_trim_mid_size_convex  off_pep=   +5046.0  first25= +1180.0  first50= +2540.0  ms_fh=  +0  near=117  local= +168241.0  score=  +22787.6
[ 13/54] L3_s0_add_wide_trim_wide_size_small  off_pep=   +5046.0  first25= +1180.0  first50= +2540.0  ms_fh=  +0  near=117  local= +162715.0  score=  +22236.0
[ 14/54] L3_s0_add_wide_trim_wide_size_medium off_pep=   +5046.0  first25= +1180.0  first50= +2540.0  ms_fh=  +0  near=117  local= +165583.0  score=  +22522.8
[ 15/54] L3_s0_add_wide_trim_wide_size_convex off_pep=   +5046.0  first25= +1180.0  first50= +2540.0  ms_fh=  +0  near=117  local= +168310.0  score=  +22794.5
[ 16/54] L3_s0_add_wide_trim_narrow_size_small off_pep=   +5046.0  first25= +1180.0  first50= +2540.0  ms_fh=  +0  near=117  local= +162273.0  score=  +22191.8
[ 17/54] L3_s0_add_wide_trim_narrow_size_medium off_pep=   +5046.0  first25= +1180.0  first50= +2540.0  ms_fh=  +0  near=117  local= +165691.0  score=  +22533.6
[ 18/54] L3_s0_add_wide_trim_narrow_size_convex off_pep=   +5046.0  first25= +1180.0  first50= +2540.0  ms_fh=  +0  near=117  local= +168293.0  score=  +22786.8
[ 19/54] L3_s0_add_narrow_trim_mid_size_small off_pep=   +5208.5  first25= +1204.0  first50= +2658.0  ms_fh=  +0  near=303  local= +174455.0  score=  +23504.7
[ 20/54] L3_s0_add_narrow_trim_mid_size_medium off_pep=   +5717.5  first25= +1300.0  first50= +2901.0  ms_fh=  +0  near=475  local= +184670.0  score=  +25031.2
[ 21/54] L3_s0_add_narrow_trim_mid_size_convex off_pep=   +6212.0  first25= +1396.0  first50= +3161.5  ms_fh=  +0  near=568  local= +198882.0  score=  +26989.9
[ 22/54] L3_s0_add_narrow_trim_wide_size_small off_pep=   +5208.5  first25= +1204.0  first50= +2658.0  ms_fh=  +0  near=303  local= +175074.0  score=  +23566.6
[ 23/54] L3_s0_add_narrow_trim_wide_size_medium off_pep=   +5717.5  first25= +1300.0  first50= +2901.0  ms_fh=  +0  near=475  local= +185177.0  score=  +25081.9
[ 24/54] L3_s0_add_narrow_trim_wide_size_convex off_pep=   +6212.0  first25= +1396.0  first50= +3161.5  ms_fh=  +0  near=568  local= +198882.0  score=  +26989.9
[ 25/54] L3_s0_add_narrow_trim_narrow_size_small off_pep=   +5208.5  first25= +1204.0  first50= +2658.0  ms_fh=  +0  near=303  local= +174468.0  score=  +23506.0
[ 26/54] L3_s0_add_narrow_trim_narrow_size_medium off_pep=   +5717.5  first25= +1300.0  first50= +2901.0  ms_fh=  +0  near=475  local= +184670.0  score=  +25031.2
[ 27/54] L3_s0_add_narrow_trim_narrow_size_convex off_pep=   +6212.0  first25= +1396.0  first50= +3161.5  ms_fh=  +0  near=568  local= +198882.0  score=  +26989.9
[ 28/54] L3_s1_add_mid_trim_mid_size_small    off_pep=   +5207.5  first25= +1180.0  first50= +2640.0  ms_fh=  +0  near=293  local= +172031.0  score=  +23253.1
[ 29/54] L3_s1_add_mid_trim_mid_size_medium   off_pep=   +5472.5  first25= +1204.0  first50= +2758.0  ms_fh=  +0  near=373  local= +179567.0  score=  +24265.9
[ 30/54] L3_s1_add_mid_trim_mid_size_convex   off_pep=   +5890.0  first25= +1372.0  first50= +3043.5  ms_fh=  +0  near=563  local= +189669.0  score=  +25715.9
[ 31/54] L3_s1_add_mid_trim_wide_size_small   off_pep=   +5207.5  first25= +1180.0  first50= +2640.0  ms_fh=  +0  near=293  local= +172082.0  score=  +23259.2
[ 32/54] L3_s1_add_mid_trim_wide_size_medium  off_pep=   +5472.5  first25= +1204.0  first50= +2758.0  ms_fh=  +0  near=373  local= +179671.0  score=  +24276.3
[ 33/54] L3_s1_add_mid_trim_wide_size_convex  off_pep=   +5890.0  first25= +1372.0  first50= +3043.5  ms_fh=  +0  near=563  local= +189669.0  score=  +25715.9
[ 34/54] L3_s1_add_mid_trim_narrow_size_small off_pep=   +5207.5  first25= +1180.0  first50= +2640.0  ms_fh=  +0  near=293  local= +171707.0  score=  +23221.7
[ 35/54] L3_s1_add_mid_trim_narrow_size_medium off_pep=   +5472.5  first25= +1204.0  first50= +2758.0  ms_fh=  +0  near=373  local= +179567.0  score=  +24265.9
[ 36/54] L3_s1_add_mid_trim_narrow_size_convex off_pep=   +5890.0  first25= +1372.0  first50= +3043.5  ms_fh=  +0  near=563  local= +189669.0  score=  +25715.9
[ 37/54] L3_s1_add_wide_trim_mid_size_small   off_pep=   +5046.0  first25= +1180.0  first50= +2540.0  ms_fh=  +0  near=117  local= +161997.0  score=  +22164.2
[ 38/54] L3_s1_add_wide_trim_mid_size_medium  off_pep=   +5046.0  first25= +1180.0  first50= +2540.0  ms_fh=  +0  near=117  local= +165768.0  score=  +22541.3
[ 39/54] L3_s1_add_wide_trim_mid_size_convex  off_pep=   +5046.0  first25= +1180.0  first50= +2540.0  ms_fh=  +0  near=117  local= +168241.0  score=  +22787.6
[ 40/54] L3_s1_add_wide_trim_wide_size_small  off_pep=   +5046.0  first25= +1180.0  first50= +2540.0  ms_fh=  +0  near=117  local= +162715.0  score=  +22236.0
[ 41/54] L3_s1_add_wide_trim_wide_size_medium off_pep=   +5046.0  first25= +1180.0  first50= +2540.0  ms_fh=  +0  near=117  local= +165583.0  score=  +22522.8
[ 42/54] L3_s1_add_wide_trim_wide_size_convex off_pep=   +5046.0  first25= +1180.0  first50= +2540.0  ms_fh=  +0  near=117  local= +168310.0  score=  +22794.5
[ 43/54] L3_s1_add_wide_trim_narrow_size_small off_pep=   +5046.0  first25= +1180.0  first50= +2540.0  ms_fh=  +0  near=117  local= +162273.0  score=  +22191.8
[ 44/54] L3_s1_add_wide_trim_narrow_size_medium off_pep=   +5046.0  first25= +1180.0  first50= +2540.0  ms_fh=  +0  near=117  local= +165691.0  score=  +22533.6
[ 45/54] L3_s1_add_wide_trim_narrow_size_convex off_pep=   +5046.0  first25= +1180.0  first50= +2540.0  ms_fh=  +0  near=117  local= +168293.0  score=  +22786.8
[ 46/54] L3_s1_add_narrow_trim_mid_size_small off_pep=   +5208.5  first25= +1204.0  first50= +2658.0  ms_fh=  +0  near=303  local= +174455.0  score=  +23504.7
[ 47/54] L3_s1_add_narrow_trim_mid_size_medium off_pep=   +5717.5  first25= +1300.0  first50= +2901.0  ms_fh=  +0  near=475  local= +184670.0  score=  +25031.2
[ 48/54] L3_s1_add_narrow_trim_mid_size_convex off_pep=   +6212.0  first25= +1396.0  first50= +3161.5  ms_fh=  +0  near=568  local= +198882.0  score=  +26989.9
[ 49/54] L3_s1_add_narrow_trim_wide_size_small off_pep=   +5208.5  first25= +1204.0  first50= +2658.0  ms_fh=  +0  near=303  local= +175074.0  score=  +23566.6
[ 50/54] L3_s1_add_narrow_trim_wide_size_medium off_pep=   +5717.5  first25= +1300.0  first50= +2901.0  ms_fh=  +0  near=475  local= +185177.0  score=  +25081.9
[ 51/54] L3_s1_add_narrow_trim_wide_size_convex off_pep=   +6212.0  first25= +1396.0  first50= +3161.5  ms_fh=  +0  near=568  local= +198882.0  score=  +26989.9
[ 52/54] L3_s1_add_narrow_trim_narrow_size_small off_pep=   +5208.5  first25= +1204.0  first50= +2658.0  ms_fh=  +0  near=303  local= +174468.0  score=  +23506.0
[ 53/54] L3_s1_add_narrow_trim_narrow_size_medium off_pep=   +5717.5  first25= +1300.0  first50= +2901.0  ms_fh=  +0  near=475  local= +184670.0  score=  +25031.2
[ 54/54] L3_s1_add_narrow_trim_narrow_size_convex off_pep=   +6212.0  first25= +1396.0  first50= +3161.5  ms_fh=  +0  near=568  local= +198882.0  score=  +26989.9

  L3_overlay top-2: L3_s0_add_narrow_trim_mid_size_convex, L3_s0_add_narrow_trim_wide_size_convex

=== L4_execution — 18 candidates ===
[  1/18] L4_s0_taker_first_step04             off_pep=   +6067.5  first25= +1320.0  first50= +3068.0  ms_fh=  +0  near=482  local= +197144.0  score=  +26665.5
[  2/18] L4_s0_taker_first_step08             off_pep=   +6067.5  first25= +1320.0  first50= +3068.0  ms_fh=  +0  near=482  local= +197144.0  score=  +26665.5
[  3/18] L4_s0_taker_first_step12             off_pep=   +6067.5  first25= +1320.0  first50= +3068.0  ms_fh=  +0  near=482  local= +197144.0  score=  +26665.5
[  4/18] L4_s0_hybrid_step04                  off_pep=   +6212.0  first25= +1396.0  first50= +3161.5  ms_fh=  +0  near=568  local= +198882.0  score=  +26989.9
[  5/18] L4_s0_hybrid_step08                  off_pep=   +6212.0  first25= +1396.0  first50= +3161.5  ms_fh=  +0  near=568  local= +198882.0  score=  +26989.9
[  6/18] L4_s0_hybrid_step12                  off_pep=   +6212.0  first25= +1396.0  first50= +3161.5  ms_fh=  +0  near=568  local= +198882.0  score=  +26989.9
[  7/18] L4_s0_maker_first_step04             off_pep=   +5480.0  first25= +1190.0  first50= +2600.0  ms_fh=  +0  near=998  local= +209173.0  score=  +26894.3
[  8/18] L4_s0_maker_first_step08             off_pep=   +5480.0  first25= +1190.0  first50= +2600.0  ms_fh=  +0  near=998  local= +209173.0  score=  +26894.3
[  9/18] L4_s0_maker_first_step12             off_pep=   +5480.0  first25= +1190.0  first50= +2600.0  ms_fh=  +0  near=998  local= +209173.0  score=  +26894.3
[ 10/18] L4_s1_taker_first_step04             off_pep=   +6067.5  first25= +1320.0  first50= +3068.0  ms_fh=  +0  near=482  local= +197272.0  score=  +26678.3
[ 11/18] L4_s1_taker_first_step08             off_pep=   +6067.5  first25= +1320.0  first50= +3068.0  ms_fh=  +0  near=482  local= +197272.0  score=  +26678.3
[ 12/18] L4_s1_taker_first_step12             off_pep=   +6067.5  first25= +1320.0  first50= +3068.0  ms_fh=  +0  near=482  local= +197272.0  score=  +26678.3
[ 13/18] L4_s1_hybrid_step04                  off_pep=   +6212.0  first25= +1396.0  first50= +3161.5  ms_fh=  +0  near=568  local= +198882.0  score=  +26989.9
[ 14/18] L4_s1_hybrid_step08                  off_pep=   +6212.0  first25= +1396.0  first50= +3161.5  ms_fh=  +0  near=568  local= +198882.0  score=  +26989.9
[ 15/18] L4_s1_hybrid_step12                  off_pep=   +6212.0  first25= +1396.0  first50= +3161.5  ms_fh=  +0  near=568  local= +198882.0  score=  +26989.9
[ 16/18] L4_s1_maker_first_step04             off_pep=   +5480.0  first25= +1190.0  first50= +2600.0  ms_fh=  +0  near=998  local= +209173.0  score=  +26894.3
[ 17/18] L4_s1_maker_first_step08             off_pep=   +5480.0  first25= +1190.0  first50= +2600.0  ms_fh=  +0  near=998  local= +209173.0  score=  +26894.3
[ 18/18] L4_s1_maker_first_step12             off_pep=   +5480.0  first25= +1190.0  first50= +2600.0  ms_fh=  +0  near=998  local= +209173.0  score=  +26894.3

  L4_execution top-1: L4_s0_hybrid_step04

=== L5_protection — 4 candidates ===
[  1/4] L5_no_protection                     off_pep=   +6212.0  first25= +1396.0  first50= +3161.5  ms_fh=  +0  near=568  local= +198882.0  score=  +26989.9
[  2/4] L5_mild_slope                        off_pep=   +6212.0  first25= +1396.0  first50= +3161.5  ms_fh=  +0  near=568  local= +198882.0  score=  +26989.9
[  3/4] L5_mild_dd                           off_pep=   +6212.0  first25= +1396.0  first50= +3161.5  ms_fh=  +0  near=568  local= +198882.0  score=  +26989.9
[  4/4] L5_mild_combined                     off_pep=   +6212.0  first25= +1396.0  first50= +3161.5  ms_fh=  +0  near=568  local= +198882.0  score=  +26989.9

  L5_protection top-1: L5_no_protection

Done. Wrote:
  - /Users/abhinavgupta/Desktop/IMC/outputs/round_1/pepper_corelong_v2/pepper_candidates.csv
  - /Users/abhinavgupta/Desktop/IMC/outputs/round_1/pepper_corelong_v2/pepper_candidates.md

Top 15 by score (all layers):
  label                                layer                score   off_pep  first25  first50  near max_s
  C_buyhold                            control            32053.9   +7279.0  +1593.5  +3473.5   999    +0
  L3_s0_add_narrow_trim_mid_size_convex L3_overlay         26989.9   +6212.0  +1396.0  +3161.5   568    +0
  L3_s0_add_narrow_trim_wide_size_convex L3_overlay         26989.9   +6212.0  +1396.0  +3161.5   568    +0
  L3_s0_add_narrow_trim_narrow_size_convex L3_overlay         26989.9   +6212.0  +1396.0  +3161.5   568    +0
  L3_s1_add_narrow_trim_mid_size_convex L3_overlay         26989.9   +6212.0  +1396.0  +3161.5   568    +0
  L3_s1_add_narrow_trim_wide_size_convex L3_overlay         26989.9   +6212.0  +1396.0  +3161.5   568    +0
  L3_s1_add_narrow_trim_narrow_size_convex L3_overlay         26989.9   +6212.0  +1396.0  +3161.5   568    +0
  L4_s0_hybrid_step04                  L4_execution       26989.9   +6212.0  +1396.0  +3161.5   568    +0
  L4_s0_hybrid_step08                  L4_execution       26989.9   +6212.0  +1396.0  +3161.5   568    +0
  L4_s0_hybrid_step12                  L4_execution       26989.9   +6212.0  +1396.0  +3161.5   568    +0
  L4_s1_hybrid_step04                  L4_execution       26989.9   +6212.0  +1396.0  +3161.5   568    +0
  L4_s1_hybrid_step08                  L4_execution       26989.9   +6212.0  +1396.0  +3161.5   568    +0
  L4_s1_hybrid_step12                  L4_execution       26989.9   +6212.0  +1396.0  +3161.5   568    +0
  L5_no_protection                     L5_protection      26989.9   +6212.0  +1396.0  +3161.5   568    +0
  L5_mild_slope                        L5_protection      26989.9   +6212.0  +1396.0  +3161.5   568    +0
