  day  thresh  pos_ticks  neg_ticks  abs_capture  net_capture
              (>+thresh) (<-thresh)        (raw) (after cost)
   -2       2        153        217      +3239.5      -4160.5
   -2       3        144        171      +1921.2      -4378.8
   -2       4        118        159       +737.3      -4802.7
   -2       5         17         29       +111.5       -808.5
   -2       6          1          9         +8.3       -191.7
   -2       8          0          0         +0.0         +0.0
   -2      10          0          0         +0.0         +0.0
   -2      12          0          0         +0.0         +0.0

   -1       2        180        231      +4177.6      -4042.4
   -1       3        173        179      +2702.1      -4337.9
   -1       4        164        164      +1345.9      -5214.1
   -1       5         25        100       +291.7      -2208.3
   -1       6         15         19        +52.2       -627.8
   -1       8          0          0         +0.0         +0.0
   -1      10          0          0         +0.0         +0.0
   -1      12          0          0         +0.0         +0.0

    0       2        219        220      +4480.2      -4299.8
    0       3        160        169      +3078.3      -3501.7
    0       4        146        159      +1798.9      -4301.1
    0       5         95        154       +631.0      -4349.0
    0       6         23         25       +155.3       -804.7
    0       8          0          0         +0.0         +0.0
    0      10          0          0         +0.0         +0.0
    0      12          0          0         +0.0         +0.0

=== 3-day totals ===
 thresh      pos      neg  abs_capture  net_capture    net/day
      2      552      668     +11897.3     -12502.7    -4167.6
      3      477      519      +7701.5     -12218.5    -4072.8
      4      428      482      +3882.2     -14317.8    -4772.6
      5      137      283      +1034.2      -7365.8    -2455.3
      6       39       53       +215.8      -1624.2     -541.4
      8        0        0         +0.0         +0.0       +0.0
     10        0        0         +0.0         +0.0       +0.0
     12        0        0         +0.0         +0.0       +0.0

=== Fire-rate per threshold (avg across 3 days) ===
  trim_thresh=2: 1220/27600 ticks = 4.42%
  trim_thresh=3: 996/27600 ticks = 3.61%
  trim_thresh=4: 910/27600 ticks = 3.30%
  trim_thresh=5: 420/27600 ticks = 1.52%
  trim_thresh=6: 92/27600 ticks = 0.33%
  trim_thresh=8: 0/27600 ticks = 0.00%
  trim_thresh=10: 0/27600 ticks = 0.00%
  trim_thresh=12: 0/27600 ticks = 0.00%
