[sweep] 56 candidates x 3 folds = 168 sims
[ 1/56]  5.9s  C_buyhold_80                 mean=  +79351.3  [ +79192.0 ..  +79543.0]  std=145.1  d-2= +79543.0  d-1= +79192.0  d0= +79319.0
[11/56]  5.5s  P2_s60_w0500_hybrid          mean=  +79332.0  [ +79293.0 ..  +79371.0]  std= 31.8  d-2= +79371.0  d-1= +79332.0  d0= +79293.0
[21/56]  5.4s  P2_s65_w0500_hybrid          mean=  +79384.7  [ +79205.0 ..  +79558.0]  std=144.2  d-2= +79558.0  d-1= +79205.0  d0= +79391.0
[31/56]  5.7s  P2_s70_w0500_hybrid          mean=  +79384.7  [ +79205.0 ..  +79558.0]  std=144.2  d-2= +79558.0  d-1= +79205.0  d0= +79391.0
[41/56]  5.6s  P2_s75_w0500_hybrid          mean=  +79377.7  [ +79205.0 ..  +79558.0]  std=144.2  d-2= +79558.0  d-1= +79205.0  d0= +79370.0
[51/56]  5.3s  P2_s80_w0500_hybrid          mean=  +79377.7  [ +79205.0 ..  +79558.0]  std=144.2  d-2= +79558.0  d-1= +79205.0  d0= +79370.0
[56/56]  5.3s  P2_s80_w0000_taker_step16    mean=  +78106.0  [ +77481.0 ..  +78470.0]  std=443.9  d-2= +77481.0  d-1= +78367.0  d0= +78470.0

[done] 303.6s total

=== Top 20 by mean 3-fold PEPPER PnL ===
P2_s65_w0500_hybrid          mean=  +79384.7  [ +79205.0 ..  +79558.0]  std=144.2  d-2= +79558.0  d-1= +79205.0  d0= +79391.0
P2_s65_w1000_hybrid          mean=  +79384.7  [ +79205.0 ..  +79558.0]  std=144.2  d-2= +79558.0  d-1= +79205.0  d0= +79391.0
P2_s70_w0500_hybrid          mean=  +79384.7  [ +79205.0 ..  +79558.0]  std=144.2  d-2= +79558.0  d-1= +79205.0  d0= +79391.0
P2_s70_w1000_hybrid          mean=  +79384.7  [ +79205.0 ..  +79558.0]  std=144.2  d-2= +79558.0  d-1= +79205.0  d0= +79391.0
C_v3_nearhold                mean=  +79381.3  [ +79204.0 ..  +79549.0]  std=141.0  d-2= +79549.0  d-1= +79204.0  d0= +79391.0
P2_s65_w0500_taker           mean=  +79381.3  [ +79204.0 ..  +79549.0]  std=141.0  d-2= +79549.0  d-1= +79204.0  d0= +79391.0
P2_s65_w1000_taker           mean=  +79381.3  [ +79204.0 ..  +79549.0]  std=141.0  d-2= +79549.0  d-1= +79204.0  d0= +79391.0
P2_s70_w0500_taker           mean=  +79381.3  [ +79204.0 ..  +79549.0]  std=141.0  d-2= +79549.0  d-1= +79204.0  d0= +79391.0
P2_s70_w1000_taker           mean=  +79381.3  [ +79204.0 ..  +79549.0]  std=141.0  d-2= +79549.0  d-1= +79204.0  d0= +79391.0
P2_s75_w0500_hybrid          mean=  +79377.7  [ +79205.0 ..  +79558.0]  std=144.2  d-2= +79558.0  d-1= +79205.0  d0= +79370.0
P2_s75_w1000_hybrid          mean=  +79377.7  [ +79205.0 ..  +79558.0]  std=144.2  d-2= +79558.0  d-1= +79205.0  d0= +79370.0
P2_s80_w0500_hybrid          mean=  +79377.7  [ +79205.0 ..  +79558.0]  std=144.2  d-2= +79558.0  d-1= +79205.0  d0= +79370.0
P2_s80_w1000_hybrid          mean=  +79377.7  [ +79205.0 ..  +79558.0]  std=144.2  d-2= +79558.0  d-1= +79205.0  d0= +79370.0
P2_s75_w0500_taker           mean=  +79374.3  [ +79204.0 ..  +79549.0]  std=140.9  d-2= +79549.0  d-1= +79204.0  d0= +79370.0
P2_s75_w1000_taker           mean=  +79374.3  [ +79204.0 ..  +79549.0]  std=140.9  d-2= +79549.0  d-1= +79204.0  d0= +79370.0
P2_s80_w0500_taker           mean=  +79374.3  [ +79204.0 ..  +79549.0]  std=140.9  d-2= +79549.0  d-1= +79204.0  d0= +79370.0
P2_s80_w1000_taker           mean=  +79374.3  [ +79204.0 ..  +79549.0]  std=140.9  d-2= +79549.0  d-1= +79204.0  d0= +79370.0
C_buyhold_80                 mean=  +79351.3  [ +79192.0 ..  +79543.0]  std=145.1  d-2= +79543.0  d-1= +79192.0  d0= +79319.0
P2_s60_w0200_hybrid          mean=  +79332.0  [ +79293.0 ..  +79371.0]  std= 31.8  d-2= +79371.0  d-1= +79332.0  d0= +79293.0
P2_s60_w0500_hybrid          mean=  +79332.0  [ +79293.0 ..  +79371.0]  std= 31.8  d-2= +79371.0  d-1= +79332.0  d0= +79293.0

=== Bottom 5 (worst mean) ===
P2_s65_w0000_hybrid          mean=  +78042.7  [ +77290.0 ..  +78470.0]  std=533.8  d-2= +77290.0  d-1= +78368.0  d0= +78470.0
P2_s70_w0000_hybrid          mean=  +78042.7  [ +77290.0 ..  +78470.0]  std=533.8  d-2= +77290.0  d-1= +78368.0  d0= +78470.0
P2_s75_w0000_hybrid          mean=  +78042.7  [ +77290.0 ..  +78470.0]  std=533.8  d-2= +77290.0  d-1= +78368.0  d0= +78470.0
P2_s80_w0000_hybrid          mean=  +78042.7  [ +77290.0 ..  +78470.0]  std=533.8  d-2= +77290.0  d-1= +78368.0  d0= +78470.0
C_v2_clean                   mean=  +59333.2  [ +58752.5 ..  +60033.0]  std=529.5  d-2= +58752.5  d-1= +59214.0  d0= +60033.0

=== Axis slice: fixed seed=80, win=0, vary exec+step ===
C_buyhold_80                 mean=  +79351.3  [ +79192.0 ..  +79543.0]  std=145.1  d-2= +79543.0  d-1= +79192.0  d0= +79319.0
P2_s80_w0000_taker           mean=  +78106.0  [ +77481.0 ..  +78470.0]  std=443.9  d-2= +77481.0  d-1= +78367.0  d0= +78470.0
P2_s80_w0000_taker_step4     mean=  +78106.0  [ +77481.0 ..  +78470.0]  std=443.9  d-2= +77481.0  d-1= +78367.0  d0= +78470.0
P2_s80_w0000_taker_step12    mean=  +78106.0  [ +77481.0 ..  +78470.0]  std=443.9  d-2= +77481.0  d-1= +78367.0  d0= +78470.0
P2_s80_w0000_taker_step16    mean=  +78106.0  [ +77481.0 ..  +78470.0]  std=443.9  d-2= +77481.0  d-1= +78367.0  d0= +78470.0
P2_s80_w0000_hybrid          mean=  +78042.7  [ +77290.0 ..  +78470.0]  std=533.8  d-2= +77290.0  d-1= +78368.0  d0= +78470.0
